<?xml version="1.0" encoding="utf-8"?><testsuites name="pytest tests"><testsuite name="pytest" errors="0" failures="0" skipped="0" tests="24" time="5.133" timestamp="2026-08-26T16:44:29.489465+00:00" hostname="agent-env-40e00a76-fdf8-4fce-9049-4c3e5dc8e31e"><testcase classname="tests.test_iter6.TestTemplates" name="test_list_requires_auth" time="0.274" /><testcase classname="tests.test_iter6.TestTemplates" name="test_create_requires_auth" time="0.109" /><testcase classname="tests.test_iter6.TestTemplates" name="test_delete_requires_auth" time="0.207" /><testcase classname="tests.test_iter6.TestTemplates" name="test_create_and_list" time="0.309" /><testcase classname="tests.test_iter6.TestTemplates" name="test_invalid_type_400" time="0.030" /><testcase classname="tests.test_iter6.TestTemplates" name="test_zero_amount_400" time="0.072" /><testcase classname="tests.test_iter6.TestTemplates" name="test_negative_amount_400" time="0.072" /><testcase classname="tests.test_iter6.TestTemplates" name="test_empty_description_400" time="0.032" /><testcase classname="tests.test_iter6.TestTemplates" name="test_delete_unknown_404" time="0.031" /><testcase classname="tests.test_iter6.TestTemplates" name="test_delete_removes_it" time="0.134" /><testcase classname="tests.test_iter6.TestTemplates" name="test_20_template_limit" time="2.230" /><testcase classname="tests.test_iter6.TestGoal" name="test_set_and_get_via_me" time="0.095" /><testcase classname="tests.test_iter6.TestGoal" name="test_created_at_preserved_on_update" time="0.217" /><testcase classname="tests.test_iter6.TestGoal" name="test_empty_name_400" time="0.030" /><testcase classname="tests.test_iter6.TestGoal" name="test_zero_target_400" time="0.055" /><testcase classname="tests.test_iter6.TestGoal" name="test_negative_target_400" time="0.040" /><testcase classname="tests.test_iter6.TestGoal" name="test_delete_clears_goal" time="0.183" /><testcase classname="tests.test_iter6.TestGoal" name="test_requires_auth" time="0.225" /><testcase classname="tests.test_iter6.TestSalaryHistory" name="test_put_salary_upserts_history_current_month" time="0.076" /><testcase classname="tests.test_iter6.TestSalaryHistory" name="test_same_month_updates_replace_not_duplicate" time="0.131" /><testcase classname="tests.test_iter6.TestSalaryHistory" name="test_me_returns_goal_and_salary_history" time="0.076" /><testcase classname="tests.test_iter6.TestZRestoreCanonicalState" name="test_restore_salary_3500" time="0.075" /><testcase classname="tests.test_iter6.TestZRestoreCanonicalState" name="test_restore_goal_trip_to_japan" time="0.040" /><testcase classname="tests.test_iter6.TestZRestoreCanonicalState" name="test_restore_single_coffee_template" time="0.135" /></testsuite></testsuites>