<?xml version="1.0" encoding="utf-8"?><testsuites name="pytest tests"><testsuite name="pytest" errors="0" failures="0" skipped="0" tests="27" time="3.539" timestamp="2026-08-26T18:25:13.180568+00:00" hostname="agent-env-40e00a76-fdf8-4fce-9049-4c3e5dc8e31e"><testcase classname="tests.test_iter7.TestGoals" name="test_list_requires_auth" time="0.308" /><testcase classname="tests.test_iter7.TestGoals" name="test_create_requires_auth" time="0.306" /><testcase classname="tests.test_iter7.TestGoals" name="test_create_empty_name_400" time="0.114" /><testcase classname="tests.test_iter7.TestGoals" name="test_create_zero_target_400" time="0.075" /><testcase classname="tests.test_iter7.TestGoals" name="test_create_negative_target_400" time="0.079" /><testcase classname="tests.test_iter7.TestGoals" name="test_create_list_update_delete" time="0.286" /><testcase classname="tests.test_iter7.TestGoals" name="test_update_unknown_404" time="0.076" /><testcase classname="tests.test_iter7.TestGoals" name="test_delete_unknown_404" time="0.033" /><testcase classname="tests.test_iter7.TestGoalContribute" name="test_contribute_flow_creates_tx_and_savings_cat" time="0.325" /><testcase classname="tests.test_iter7.TestGoalContribute" name="test_contribute_zero_amount_400" time="0.151" /><testcase classname="tests.test_iter7.TestGoalContribute" name="test_contribute_negative_amount_400" time="0.241" /><testcase classname="tests.test_iter7.TestGoalContribute" name="test_contribute_unknown_goal_404" time="0.043" /><testcase classname="tests.test_iter7.TestHideCategory" name="test_requires_auth" time="0.116" /><testcase classname="tests.test_iter7.TestHideCategory" name="test_hide_and_persist" time="0.190" /><testcase classname="tests.test_iter7.TestHideCategory" name="test_hide_dedupes" time="0.150" /><testcase classname="tests.test_iter7.TestHideCategory" name="test_hide_other_returns_400" time="0.060" /><testcase classname="tests.test_iter7.TestHideCategory" name="test_hide_invalid_type_400" time="0.030" /><testcase classname="tests.test_iter7.TestHideCategory" name="test_hide_empty_name_400" time="0.034" /><testcase classname="tests.test_iter7.TestLanguage" name="test_default_is_en_or_valid" time="0.029" /><testcase classname="tests.test_iter7.TestLanguage" name="test_set_fr_persists" time="0.177" /><testcase classname="tests.test_iter7.TestLanguage" name="test_set_es_persists" time="0.146" /><testcase classname="tests.test_iter7.TestLanguage" name="test_invalid_lang_400" time="0.076" /><testcase classname="tests.test_iter7.TestLanguage" name="test_set_en_ok" time="0.048" /><testcase classname="tests.test_iter7.TestZRestoreState" name="test_reset_language_en" time="0.044" /><testcase classname="tests.test_iter7.TestZRestoreState" name="test_clear_hidden_categories" time="0.042" /><testcase classname="tests.test_iter7.TestZRestoreState" name="test_salary_is_3500" time="0.074" /><testcase classname="tests.test_iter7.TestZRestoreState" name="test_trip_to_japan_goal_exists" time="0.076" /></testsuite></testsuites>