<?xml version="1.0" encoding="utf-8"?><testsuites name="pytest tests"><testsuite name="pytest" errors="0" failures="0" skipped="0" tests="12" time="2.942" timestamp="2026-07-02T21:33:21.989221+00:00" hostname="agent-env-40e00a76-fdf8-4fce-9049-4c3e5dc8e31e"><testcase classname="backend.tests.backend_test.TestAuth" name="test_me_with_token" time="0.248" /><testcase classname="backend.tests.backend_test.TestAuth" name="test_me_missing_token_returns_401" time="0.071" /><testcase classname="backend.tests.backend_test.TestAuth" name="test_me_invalid_token_returns_401" time="0.083" /><testcase classname="backend.tests.backend_test.TestAuth" name="test_session_invalid_id_returns_401" time="0.274" /><testcase classname="backend.tests.backend_test.TestProfileAndSettings" name="test_update_profile_name_persists" time="0.213" /><testcase classname="backend.tests.backend_test.TestProfileAndSettings" name="test_update_settings_persists" time="0.214" /><testcase classname="backend.tests.backend_test.TestProfileAndSettings" name="test_delete_lock_set_and_clear" time="0.142" /><testcase classname="backend.tests.backend_test.TestSalary" name="test_update_salary" time="0.144" /><testcase classname="backend.tests.backend_test.TestTransactions" name="test_create_get_update_delete" time="0.498" /><testcase classname="backend.tests.backend_test.TestTransactions" name="test_invalid_type_400" time="0.070" /><testcase classname="backend.tests.backend_test.TestTransactions" name="test_transactions_unauth_401" time="0.071" /><testcase classname="backend.tests.backend_test.TestZDeleteAccount" name="test_delete_account_then_reseed" time="0.836" /></testsuite></testsuites>