<?xml version="1.0" encoding="utf-8"?><testsuites name="pytest tests"><testsuite name="pytest" errors="0" failures="0" skipped="0" tests="47" time="9.318" timestamp="2026-08-26T18:25:23.328231+00:00" hostname="agent-env-40e00a76-fdf8-4fce-9049-4c3e5dc8e31e"><testcase classname="tests.backend_test.TestAuth" name="test_me_with_token" time="0.120" /><testcase classname="tests.backend_test.TestAuth" name="test_me_missing_token_returns_401" time="0.039" /><testcase classname="tests.backend_test.TestAuth" name="test_me_invalid_token_returns_401" time="0.042" /><testcase classname="tests.backend_test.TestAuth" name="test_session_invalid_id_returns_401" time="0.299" /><testcase classname="tests.backend_test.TestProfileAndSettings" name="test_update_profile_name_persists" time="0.181" /><testcase classname="tests.backend_test.TestProfileAndSettings" name="test_update_settings_persists" time="0.157" /><testcase classname="tests.backend_test.TestProfileAndSettings" name="test_delete_lock_set_and_clear" time="0.117" /><testcase classname="tests.backend_test.TestSalary" name="test_update_salary" time="0.065" /><testcase classname="tests.backend_test.TestTransactions" name="test_create_get_update_delete" time="0.328" /><testcase classname="tests.backend_test.TestTransactions" name="test_invalid_type_400" time="0.032" /><testcase classname="tests.backend_test.TestTransactions" name="test_transactions_unauth_401" time="0.070" /><testcase classname="tests.backend_test.TestCategories" name="test_add_category_expense_persists_and_returned_in_me" time="0.335" /><testcase classname="tests.backend_test.TestCategories" name="test_add_category_income" time="0.219" /><testcase classname="tests.backend_test.TestCategories" name="test_add_category_duplicate_case_insensitive_returns_400" time="0.427" /><testcase classname="tests.backend_test.TestCategories" name="test_add_category_invalid_type_returns_400" time="0.038" /><testcase classname="tests.backend_test.TestCategories" name="test_add_category_empty_name_returns_400" time="0.040" /><testcase classname="tests.backend_test.TestCategories" name="test_delete_category_removes_it" time="0.211" /><testcase classname="tests.backend_test.TestCategories" name="test_categories_require_auth" time="0.093" /><testcase classname="tests.backend_test.TestTransactionsCategory" name="test_create_with_category_persists" time="0.161" /><testcase classname="tests.backend_test.TestTransactionsCategory" name="test_create_without_category_defaults_to_Other" time="0.087" /><testcase classname="tests.backend_test.TestTransactionsCategory" name="test_update_transaction_category" time="0.229" /><testcase classname="tests.backend_test.TestTransactionsCategory" name="test_transaction_with_custom_category" time="0.097" /><testcase classname="tests.backend_test.TestDeleteMonth" name="test_delete_month_deletes_only_that_month" time="0.178" /><testcase classname="tests.backend_test.TestDeleteMonth" name="test_delete_month_invalid_month_low_returns_400" time="0.040" /><testcase classname="tests.backend_test.TestDeleteMonth" name="test_delete_month_invalid_month_high_returns_400" time="0.042" /><testcase classname="tests.backend_test.TestDeleteMonth" name="test_delete_month_requires_auth_401" time="0.155" /><testcase classname="tests.backend_test.TestDeleteMonth" name="test_delete_month_empty_returns_zero" time="0.083" /><testcase classname="tests.backend_test.TestDeleteAllTransactions" name="test_delete_all_requires_auth_401" time="0.182" /><testcase classname="tests.backend_test.TestDeleteAllTransactions" name="test_delete_all_deletes_transactions_and_keeps_user_settings" time="0.286" /><testcase classname="tests.backend_test.TestZDeleteAccount" name="test_delete_account_then_reseed" time="0.856" /><testcase classname="tests.test_iter6.TestTemplates" name="test_list_requires_auth" time="0.151" /><testcase classname="tests.test_iter6.TestTemplates" name="test_create_requires_auth" time="0.116" /><testcase classname="tests.test_iter6.TestTemplates" name="test_delete_requires_auth" time="0.075" /><testcase classname="tests.test_iter6.TestTemplates" name="test_create_and_list" time="0.352" /><testcase classname="tests.test_iter6.TestTemplates" name="test_invalid_type_400" time="0.070" /><testcase classname="tests.test_iter6.TestTemplates" name="test_zero_amount_400" time="0.082" /><testcase classname="tests.test_iter6.TestTemplates" name="test_negative_amount_400" time="0.081" /><testcase classname="tests.test_iter6.TestTemplates" name="test_empty_description_400" time="0.065" /><testcase classname="tests.test_iter6.TestTemplates" name="test_delete_unknown_404" time="0.077" /><testcase classname="tests.test_iter6.TestTemplates" name="test_delete_removes_it" time="0.211" /><testcase classname="tests.test_iter6.TestTemplates" name="test_20_template_limit" time="2.214" /><testcase classname="tests.test_iter6.TestSalaryHistory" name="test_put_salary_upserts_history_current_month" time="0.037" /><testcase classname="tests.test_iter6.TestSalaryHistory" name="test_same_month_updates_replace_not_duplicate" time="0.215" /><testcase classname="tests.test_iter6.TestSalaryHistory" name="test_me_returns_salary_history_and_new_fields" time="0.038" /><testcase classname="tests.test_iter6.TestZRestoreCanonicalState" name="test_restore_salary_3500" time="0.036" /><testcase classname="tests.test_iter6.TestZRestoreCanonicalState" name="test_restore_goal_trip_to_japan" time="0.036" /><testcase classname="tests.test_iter6.TestZRestoreCanonicalState" name="test_restore_single_coffee_template" time="0.148" /></testsuite></testsuites>